{
  "stats": {
    "suites": 2,
    "tests": 2,
    "passes": 1,
    "pending": 0,
    "failures": 1,
    "start": "2023-10-11T10:18:35.126Z",
    "end": "2023-10-11T10:18:43.310Z",
    "duration": 8184,
    "testsRegistered": 2,
    "passPercent": 50,
    "pendingPercent": 0,
    "other": 0,
    "hasOther": false,
    "skipped": 0,
    "hasSkipped": false
  },
  "results": [
    {
      "uuid": "45a4255c-48a1-43e8-b25d-9b19fc9ebe69",
      "title": "",
      "fullFile": "cypress/e2e/Auth.cy.ts",
      "file": "cypress/e2e/Auth.cy.ts",
      "beforeHooks": [],
      "afterHooks": [],
      "tests": [],
      "suites": [
        {
          "uuid": "d3ddb445-62d9-4e6e-acc6-efb10fdad347",
          "title": "Unauthorized Access Test",
          "fullFile": "",
          "file": "",
          "beforeHooks": [],
          "afterHooks": [],
          "tests": [
            {
              "title": "Renders Amplify useAuthentication() view when user is not authenticated",
              "fullTitle": "Unauthorized Access Test Renders Amplify useAuthentication() view when user is not authenticated",
              "timedOut": null,
              "duration": 2208,
              "state": "passed",
              "speed": "fast",
              "pass": true,
              "fail": false,
              "pending": false,
              "context": null,
              "code": "// Visit the page you want to test (replace with your actual URL)\ncy.visit('localhost:3000/OneOnOneHelper');\n// Wait for the element to appear (if necessary)\ncy.contains('Sign In').should('exist'); // Check for the text 'Sign In'",
              "err": {},
              "uuid": "bb320539-e2c8-488f-b3cc-367de8e0b3d3",
              "parentUUID": "d3ddb445-62d9-4e6e-acc6-efb10fdad347",
              "isHook": false,
              "skipped": false
            }
          ],
          "suites": [],
          "passes": [
            "bb320539-e2c8-488f-b3cc-367de8e0b3d3"
          ],
          "failures": [],
          "pending": [],
          "skipped": [],
          "duration": 2208,
          "root": false,
          "rootEmpty": false,
          "_timeout": 2000
        },
        {
          "uuid": "1ff50181-3980-474d-8535-a3a166e7d617",
          "title": "Unauthorized Access Test",
          "fullFile": "",
          "file": "",
          "beforeHooks": [],
          "afterHooks": [],
          "tests": [
            {
              "title": "Renders Amplify useAuthentication() view when user is not authenticated",
              "fullTitle": "Unauthorized Access Test Renders Amplify useAuthentication() view when user is not authenticated",
              "timedOut": null,
              "duration": 5913,
              "state": "failed",
              "speed": null,
              "pass": false,
              "fail": true,
              "pending": false,
              "context": null,
              "code": "// Visit the page you want to test\ncy.visit('localhost:3000/OneOnOneHelper');\n// Fill in the username field\ncy.get('input[name=\"username\"]').type('your-email@example.com');\n// Fill in the password field\ncy.get('input[name=\"password\"]').type('your-password');\n// Click the \"Sign in\" button\ncy.get('button[type=\"submit\"]').click();\n// Now, wait for the \"You are not signed up yet\" text to appear\ncy.contains('You are not signed up yet').should('exist');",
              "err": {
                "message": "AssertionError: Timed out retrying after 4000ms: Expected to find content: 'You are not signed up yet' but never did.",
                "estack": "AssertionError: Timed out retrying after 4000ms: Expected to find content: 'You are not signed up yet' but never did.\n    at Context.eval (webpack://north_country_engineer/./cypress/e2e/Auth.cy.ts:27:45)",
                "diff": null
              },
              "uuid": "92de5716-2f62-46a8-b0dc-caf281c6a44b",
              "parentUUID": "1ff50181-3980-474d-8535-a3a166e7d617",
              "isHook": false,
              "skipped": false
            }
          ],
          "suites": [],
          "passes": [],
          "failures": [
            "92de5716-2f62-46a8-b0dc-caf281c6a44b"
          ],
          "pending": [],
          "skipped": [],
          "duration": 5913,
          "root": false,
          "rootEmpty": false,
          "_timeout": 2000
        }
      ],
      "passes": [],
      "failures": [],
      "pending": [],
      "skipped": [],
      "duration": 0,
      "root": true,
      "rootEmpty": true,
      "_timeout": 2000
    }
  ],
  "meta": {
    "mocha": {
      "version": "7.0.1"
    },
    "mochawesome": {
      "options": {
        "quiet": false,
        "reportFilename": "mochawesome",
        "saveHtml": false,
        "saveJson": true,
        "consoleReporter": "spec",
        "useInlineDiffs": false,
        "code": true
      },
      "version": "7.1.3"
    },
    "marge": {
      "options": {
        "reportDir": "cypress/report/mochawesome-report",
        "overwrite": false,
        "html": false,
        "json": true,
        "timestamp": "mmddyyyy_HHMMss"
      },
      "version": "6.2.0"
    }
  }
}