{
  "stats": {
    "suites": 2,
    "tests": 2,
    "passes": 1,
    "pending": 0,
    "failures": 1,
    "start": "2023-10-11T10:22:33.146Z",
    "end": "2023-10-11T10:22:40.003Z",
    "duration": 6857,
    "testsRegistered": 2,
    "passPercent": 50,
    "pendingPercent": 0,
    "other": 0,
    "hasOther": false,
    "skipped": 0,
    "hasSkipped": false
  },
  "results": [
    {
      "uuid": "341c89dc-165e-456f-9923-fb2d56d8064c",
      "title": "",
      "fullFile": "cypress/e2e/Auth.cy.ts",
      "file": "cypress/e2e/Auth.cy.ts",
      "beforeHooks": [],
      "afterHooks": [],
      "tests": [],
      "suites": [
        {
          "uuid": "62dc9354-3cdd-469a-a29a-87a3c967eac7",
          "title": "Unauthorized Access Test",
          "fullFile": "",
          "file": "",
          "beforeHooks": [],
          "afterHooks": [],
          "tests": [
            {
              "title": "Renders Amplify useAuthentication() view when user is not authenticated",
              "fullTitle": "Unauthorized Access Test Renders Amplify useAuthentication() view when user is not authenticated",
              "timedOut": null,
              "duration": 1045,
              "state": "passed",
              "speed": "fast",
              "pass": true,
              "fail": false,
              "pending": false,
              "context": null,
              "code": "// Visit the page you want to test (replace with your actual URL)\ncy.visit('localhost:3000/OneOnOneHelper');\n// Wait for the element to appear (if necessary)\ncy.contains('Sign In').should('exist'); // Check for the text 'Sign In'",
              "err": {},
              "uuid": "f0c1da79-e065-416f-9cb7-f91672511c7a",
              "parentUUID": "62dc9354-3cdd-469a-a29a-87a3c967eac7",
              "isHook": false,
              "skipped": false
            }
          ],
          "suites": [],
          "passes": [
            "f0c1da79-e065-416f-9cb7-f91672511c7a"
          ],
          "failures": [],
          "pending": [],
          "skipped": [],
          "duration": 1045,
          "root": false,
          "rootEmpty": false,
          "_timeout": 2000
        },
        {
          "uuid": "86261174-a7cb-42e4-9707-6b55f8022add",
          "title": "Unauthorized Access Test",
          "fullFile": "",
          "file": "",
          "beforeHooks": [],
          "afterHooks": [],
          "tests": [
            {
              "title": "Renders Amplify useAuthentication() view when user is not authenticated",
              "fullTitle": "Unauthorized Access Test Renders Amplify useAuthentication() view when user is not authenticated",
              "timedOut": null,
              "duration": 5722,
              "state": "failed",
              "speed": null,
              "pass": false,
              "fail": true,
              "pending": false,
              "context": null,
              "code": "// Visit the page you want to test\ncy.visit('localhost:3000/OneOnOneHelper');\n// Fill in the username field\ncy.get('input[name=\"username\"]').type(Cypress.env('username'));\n// Fill in the password field\ncy.get('input[name=\"password\"]').type(Cypress.env('password'));\n// Click the \"Sign in\" button\ncy.get('button[type=\"submit\"]').click();\n// Now, wait for the \"You are not signed up yet\" text to appear\ncy.contains('You are not signed up yet').should('exist');",
              "err": {
                "message": "AssertionError: Timed out retrying after 4000ms: Expected to find content: 'You are not signed up yet' but never did.",
                "estack": "AssertionError: Timed out retrying after 4000ms: Expected to find content: 'You are not signed up yet' but never did.\n    at Context.eval (webpack://north_country_engineer/./cypress/e2e/Auth.cy.ts:27:45)",
                "diff": null
              },
              "uuid": "c68ea971-f116-462b-b58d-a6626640e048",
              "parentUUID": "86261174-a7cb-42e4-9707-6b55f8022add",
              "isHook": false,
              "skipped": false
            }
          ],
          "suites": [],
          "passes": [],
          "failures": [
            "c68ea971-f116-462b-b58d-a6626640e048"
          ],
          "pending": [],
          "skipped": [],
          "duration": 5722,
          "root": false,
          "rootEmpty": false,
          "_timeout": 2000
        }
      ],
      "passes": [],
      "failures": [],
      "pending": [],
      "skipped": [],
      "duration": 0,
      "root": true,
      "rootEmpty": true,
      "_timeout": 2000
    }
  ],
  "meta": {
    "mocha": {
      "version": "7.0.1"
    },
    "mochawesome": {
      "options": {
        "quiet": false,
        "reportFilename": "mochawesome",
        "saveHtml": false,
        "saveJson": true,
        "consoleReporter": "spec",
        "useInlineDiffs": false,
        "code": true
      },
      "version": "7.1.3"
    },
    "marge": {
      "options": {
        "reportDir": "cypress/report/mochawesome-report",
        "overwrite": false,
        "html": false,
        "json": true,
        "timestamp": "mmddyyyy_HHMMss"
      },
      "version": "6.2.0"
    }
  }
}