{
  "stats": {
    "suites": 2,
    "tests": 2,
    "passes": 1,
    "pending": 0,
    "failures": 1,
    "start": "2023-10-11T10:24:11.739Z",
    "end": "2023-10-11T10:24:21.214Z",
    "duration": 9475,
    "testsRegistered": 2,
    "passPercent": 50,
    "pendingPercent": 0,
    "other": 0,
    "hasOther": false,
    "skipped": 0,
    "hasSkipped": false
  },
  "results": [
    {
      "uuid": "a1da2bb9-dfb1-4264-8154-ab2d96712d86",
      "title": "",
      "fullFile": "cypress/e2e/Auth.cy.ts",
      "file": "cypress/e2e/Auth.cy.ts",
      "beforeHooks": [],
      "afterHooks": [],
      "tests": [],
      "suites": [
        {
          "uuid": "02f677c5-f892-4aa0-9e2f-a804bf923f97",
          "title": "Unauthorized Access Test",
          "fullFile": "",
          "file": "",
          "beforeHooks": [],
          "afterHooks": [],
          "tests": [
            {
              "title": "Renders Amplify useAuthentication() view when user is not authenticated",
              "fullTitle": "Unauthorized Access Test Renders Amplify useAuthentication() view when user is not authenticated",
              "timedOut": null,
              "duration": 1997,
              "state": "passed",
              "speed": "fast",
              "pass": true,
              "fail": false,
              "pending": false,
              "context": null,
              "code": "// Visit the page you want to test (replace with your actual URL)\ncy.visit('localhost:3000/OneOnOneHelper');\n// Wait for the element to appear (if necessary)\ncy.contains('Sign In').should('exist'); // Check for the text 'Sign In'",
              "err": {},
              "uuid": "5702e12d-9fe2-4140-a617-d7237f35bf24",
              "parentUUID": "02f677c5-f892-4aa0-9e2f-a804bf923f97",
              "isHook": false,
              "skipped": false
            }
          ],
          "suites": [],
          "passes": [
            "5702e12d-9fe2-4140-a617-d7237f35bf24"
          ],
          "failures": [],
          "pending": [],
          "skipped": [],
          "duration": 1997,
          "root": false,
          "rootEmpty": false,
          "_timeout": 2000
        },
        {
          "uuid": "1a10d51b-eafd-4109-ac73-92314747321f",
          "title": "Unauthorized Access Test",
          "fullFile": "",
          "file": "",
          "beforeHooks": [],
          "afterHooks": [],
          "tests": [
            {
              "title": "Renders Amplify useAuthentication() view when user is not authenticated",
              "fullTitle": "Unauthorized Access Test Renders Amplify useAuthentication() view when user is not authenticated",
              "timedOut": null,
              "duration": 6931,
              "state": "failed",
              "speed": null,
              "pass": false,
              "fail": true,
              "pending": false,
              "context": null,
              "code": "// Visit the page you want to test\ncy.visit('localhost:3000/OneOnOneHelper');\n// Fill in the username field\ncy.get('input[name=\"username\"]').type(Cypress.env('username'));\n// Fill in the password field\ncy.get('input[name=\"password\"]').type(Cypress.env('password'));\n// Click the \"Sign in\" button\ncy.get('button[type=\"submit\"]').click();\n// Now, wait for the \"You are not signed up yet\" text to appear\ncy.contains('You are not signed up yet').should('exist');",
              "err": {
                "message": "AssertionError: Timed out retrying after 4000ms: Expected to find content: 'You are not signed up yet' but never did.",
                "estack": "AssertionError: Timed out retrying after 4000ms: Expected to find content: 'You are not signed up yet' but never did.\n    at Context.eval (webpack://north_country_engineer/./cypress/e2e/Auth.cy.ts:27:45)",
                "diff": null
              },
              "uuid": "6e83955f-64da-47ba-94d8-4ee2ade3e0b3",
              "parentUUID": "1a10d51b-eafd-4109-ac73-92314747321f",
              "isHook": false,
              "skipped": false
            }
          ],
          "suites": [],
          "passes": [],
          "failures": [
            "6e83955f-64da-47ba-94d8-4ee2ade3e0b3"
          ],
          "pending": [],
          "skipped": [],
          "duration": 6931,
          "root": false,
          "rootEmpty": false,
          "_timeout": 2000
        }
      ],
      "passes": [],
      "failures": [],
      "pending": [],
      "skipped": [],
      "duration": 0,
      "root": true,
      "rootEmpty": true,
      "_timeout": 2000
    }
  ],
  "meta": {
    "mocha": {
      "version": "7.0.1"
    },
    "mochawesome": {
      "options": {
        "quiet": false,
        "reportFilename": "mochawesome",
        "saveHtml": false,
        "saveJson": true,
        "consoleReporter": "spec",
        "useInlineDiffs": false,
        "code": true
      },
      "version": "7.1.3"
    },
    "marge": {
      "options": {
        "reportDir": "cypress/report/mochawesome-report",
        "overwrite": false,
        "html": false,
        "json": true,
        "timestamp": "mmddyyyy_HHMMss"
      },
      "version": "6.2.0"
    }
  }
}